1671505476547	geckodriver	INFO	Listening on 127.0.0.1:38389
1671505477607	mozrunner::runner	INFO	Running command: "/usr/bin/firefox" "--marionette" "-headless" "-no-remote" "-profile" "/tmp/rust_mozprofileS4aVLb"
*** You are running in headless mode.
[GFX1-]: glxtest: Unable to open a connection to the X server
1671505486962	Marionette	INFO	Marionette enabled
1671505486978	Marionette	INFO	Listening on port 46065
Read port: 46065
Read port: 46065
1671505489025	RemoteAgent	WARN	TLS certificate errors will be ignored for this session
[GFX1-]: RenderCompositorSWGL failed mapping default framebuffer, no dt
console.warn: SearchSettings: "get: No settings file exists, new profile?" (new NotFoundError("Could not open the file at /tmp/rust_mozprofileS4aVLb/search.json.mozlz4", (void 0)))
ALSA lib seq_hw.c:466:(snd_seq_hw_open) open /dev/snd/seq failed: Permission denied
1671506960156	Marionette	INFO	Stopped listening on port 46065
1671595308049	geckodriver	INFO	Listening on 127.0.0.1:60133
1671595309145	mozrunner::runner	INFO	Running command: "/usr/bin/firefox" "--marionette" "-headless" "-no-remote" "-profile" "/tmp/rust_mozprofileqb70fA"
*** You are running in headless mode.
[GFX1-]: glxtest: Unable to open a connection to the X server
1671595315446	Marionette	INFO	Marionette enabled
1671595315460	Marionette	INFO	Listening on port 33753
Read port: 33753
Read port: 33753
1671595317600	RemoteAgent	WARN	TLS certificate errors will be ignored for this session
[GFX1-]: RenderCompositorSWGL failed mapping default framebuffer, no dt
console.warn: SearchSettings: "get: No settings file exists, new profile?" (new NotFoundError("Could not open the file at /tmp/rust_mozprofileqb70fA/search.json.mozlz4", (void 0)))
ALSA lib seq_hw.c:466:(snd_seq_hw_open) open /dev/snd/seq failed: Permission denied
1671596912343	Marionette	INFO	Stopped listening on port 33753
1681630188034	geckodriver	INFO	Listening on 127.0.0.1:59963
1681630189062	mozrunner::runner	INFO	Running command: MOZ_CRASHREPORTER="1" MOZ_CRASHREPORTER_NO_REPORT="1" MOZ_CRASHREPORTER_SHUTDOWN="1" MOZ_NO_REMOTE="1" "/usr/bin/firefox" "--marionette" "-headless" "-no-remote" "-profile" "/tmp/rust_mozprofileeaQVRU"
*** You are running in headless mode.
console.warn: services.settings: Ignoring preference override of remote settings server
console.warn: services.settings: Allow by setting MOZ_REMOTE_SETTINGS_DEVTOOLS=1 in the environment
[GFX1-]: glxtest: Unable to open a connection to the X server
1681630193795	Marionette	INFO	Marionette enabled
1681630193806	Marionette	INFO	Listening on port 36973
Read port: 36973
1681630194734	RemoteAgent	WARN	TLS certificate errors will be ignored for this session
[GFX1-]: RenderCompositorSWGL failed mapping default framebuffer, no dt
console.error: ({})
console.warn: SearchSettings: "get: No settings file exists, new profile?" (new NotFoundError("Could not open the file at /tmp/rust_mozprofileeaQVRU/search.json.mozlz4", (void 0)))
[ERROR glean_core] Error setting metrics feature config: Json(Error("EOF while parsing a value", line: 1, column: 0))
ALSA lib seq_hw.c:466:(snd_seq_hw_open) open /dev/snd/seq failed: Permission denied
console.error: "update.locale" " file doesn't exist in either the application or GRE directories"
1681631746973	Marionette	INFO	Stopped listening on port 36973
